<?xml version="1.0" encoding="UTF-8"?>
<testsuite name="StringCalcluatorNewTest" tests="1" skipped="0" failures="0" errors="0" timestamp="2021-12-08T02:55:51" hostname="DESKTOP-MSF20OG" time="0.045">
  <properties/>
  <testcase name="testSum()" classname="StringCalcluatorNewTest" time="0.045"/>
  <system-out><![CDATA[Result:604
]]></system-out>
  <system-err><![CDATA[]]></system-err>
</testsuite>
